[2024-10-18 12:34:56] [INFO]: Application started
[2024-10-18 12:35:10] [WARN]: Low memory warning
[2024-10-18 12:35:45] [ERROR]: Null pointer exception at line 102
[2024-10-18 12:36:00] [INFO]: User login successful
[2024-10-18 12:37:12] [ERROR]: Database connection failed
[2024-10-18 12:38:30] [WARN]: Disk space running low
[2024-10-18 12:39:01] [INFO]: Scheduled job executed
[2024-10-18 12:40:23] [ERROR]: Unable to write file
[2024-10-18 12:41:12] [INFO]: Application shutdown
[2024-10-18 12:41:32] [INFO]: Restarting application
[2024-10-18 12:42:11] [WARN]: High CPU usage detected
[2024-10-18 12:42:58] [INFO]: New user registered
[2024-10-18 12:43:15] [ERROR]: Invalid user input in form submission
[2024-10-18 12:43:40] [INFO]: Data backup completed successfully
[2024-10-18 12:44:05] [WARN]: Cache memory full, clearing cache
[2024-10-18 12:45:00] [INFO]: Session timeout for inactive user
[2024-10-18 12:45:25] [INFO]: New connection established with database
[2024-10-18 12:46:03] [ERROR]: File not found exception while reading config file
[2024-10-18 12:46:30] [INFO]: Maintenance mode activated
[2024-10-18 12:46:55] [INFO]: Maintenance mode deactivated
[2024-10-18 12:47:30] [ERROR]: Invalid credentials provided during login attempt
[2024-10-18 12:48:00] [INFO]: Session terminated for user
[2024-10-18 12:48:45] [WARN]: Network latency detected
[2024-10-18 12:49:01] [INFO]: Job scheduler initialized
[2024-10-18 12:50:12] [ERROR]: Unable to connect to email server
[2024-10-18 12:51:20] [INFO]: Email sent to user successfully
[2024-10-18 12:52:18] [INFO]: User profile updated
[2024-10-18 12:53:03] [ERROR]: Payment processing failed
[2024-10-18 12:53:30] [INFO]: Payment re-attempt successful
[2024-10-18 12:54:12] [WARN]: SSL certificate expired, renewing
[2024-10-18 12:55:45] [INFO]: SSL certificate renewed
[2024-10-18 12:56:15] [INFO]: API service restarted
[2024-10-18 12:57:01] [ERROR]: Timeout while connecting to remote server
[2024-10-18 12:57:40] [INFO]: Connection restored to remote server
[2024-10-18 12:58:15] [ERROR]: User authentication failed for session ID 123456
[2024-10-18 12:59:00] [INFO]: Admin user logged in
[2024-10-18 13:00:12] [WARN]: Unauthorized access attempt detected
[2024-10-18 13:01:30] [INFO]: User password changed successfully
[2024-10-18 13:02:15] [INFO]: Application auto-update initiated
[2024-10-18 13:03:42] [INFO]: Update completed successfully
[2024-10-18 13:04:18] [ERROR]: Error parsing configuration settings
[2024-10-18 13:05:45] [INFO]: Default settings restored
[2024-10-18 13:06:12] [WARN]: Unusual traffic pattern detected
[2024-10-18 13:07:02] [INFO]: Service deployed successfully
[2024-10-18 13:08:30] [INFO]: Database backup completed
[2024-10-18 13:09:12] [ERROR]: Data integrity violation detected
[2024-10-18 13:10:01] [INFO]: Database integrity restored
[2024-10-18 13:11:12] [WARN]: Deprecated API endpoint used in request
[2024-10-18 13:12:18] [INFO]: Redirecting traffic to new API endpoint
[2024-10-18 13:13:30] [ERROR]: Unable to process file upload
[2024-10-18 13:14:12] [INFO]: File upload retry successful
[2024-10-18 13:15:01] [INFO]: Analytics report generated
[2024-10-18 13:16:12] [ERROR]: Analytics processing failed due to memory overflow
...
[2024-10-18 13:29:45] [ERROR]: Missing configuration in properties file
[2024-10-18 13:30:12] [INFO]: New configuration applied successfully
[2024-10-18 13:31:12] [INFO]: Cache cleared successfully
[2024-10-18 13:32:15] [WARN]: Disk I/O operation taking longer than expected
[2024-10-18 13:33:01] [INFO]: Disk operation completed
...
[2024-10-18 13:45:12] [INFO]: New API version deployed
[2024-10-18 13:46:15] [WARN]: Data access warning
[2024-10-18 13:47:30] [INFO]: Access granted to user 10045
[2024-10-18 13:48:02] [ERROR]: Remote service call failed
[2024-10-18 13:49:20] [INFO]: Re-establishing remote service connection
[2024-10-18 13:50:01] [INFO]: Connection to external API re-established
...
